Copyright 1986-2022 Xilinx, Inc. All Rights Reserved. Copyright 2022-2025 Advanced Micro Devices, Inc. All Rights Reserved.
---------------------------------------------------------------------------------------------------------------------------------------------
| Tool Version : Vivado v.2025.1 (lin64) Build 6140274 Wed May 21 22:58:25 MDT 2025
| Date         : Thu Jun 11 18:48:03 2026
| Host         : sam-Dell-G15-5511 running 64-bit Ubuntu 24.04.4 LTS
| Command      : report_control_sets -verbose -file main_control_sets_placed.rpt
| Design       : main
| Device       : xczu3eg
---------------------------------------------------------------------------------------------------------------------------------------------

Control Set Information

Table of Contents
-----------------
1. Summary
2. Histogram
3. Flip-Flop Distribution
4. Detailed Control Set Information

1. Summary
----------

+----------------------------------------------------------+-------+
|                          Status                          | Count |
+----------------------------------------------------------+-------+
| Total control sets                                       |    56 |
|    Minimum number of control sets                        |    56 |
|    Addition due to synthesis replication                 |     0 |
|    Addition due to physical synthesis replication        |     0 |
| Unused register locations in slices containing registers |    49 |
+----------------------------------------------------------+-------+
* Control sets can be merged at opt_design using control_set_merge or merge_equivalent_drivers
** Run report_qor_suggestions for automated merging and remapping suggestions


2. Histogram
------------

+--------------------+-------+
|       Fanout       | Count |
+--------------------+-------+
| Total control sets |    56 |
| >= 0 to < 4        |     0 |
| >= 4 to < 6        |     1 |
| >= 6 to < 8        |     2 |
| >= 8 to < 10       |     0 |
| >= 10 to < 12      |     1 |
| >= 12 to < 14      |     0 |
| >= 14 to < 16      |     0 |
| >= 16              |    52 |
+--------------------+-------+
* Control sets can be remapped at either synth_design or opt_design


3. Flip-Flop Distribution
-------------------------

+--------------+-----------------------+------------------------+-----------------+--------------+
| Clock Enable | Synchronous Set/Reset | Asynchronous Set/Reset | Total Registers | Total Slices |
+--------------+-----------------------+------------------------+-----------------+--------------+
| No           | No                    | No                     |            1088 |          278 |
| No           | No                    | Yes                    |               0 |            0 |
| No           | Yes                   | No                     |             122 |           50 |
| Yes          | No                    | No                     |            1555 |          297 |
| Yes          | No                    | Yes                    |               0 |            0 |
| Yes          | Yes                   | No                     |             142 |           37 |
+--------------+-----------------------+------------------------+-----------------+--------------+


4. Detailed Control Set Information
-----------------------------------

+------------------+----------------------------------------------------------------------------------------------------------+-----------------------------------------------------------------------------------------------------------------------+------------------+----------------+--------------+
|   Clock Signal   |                                               Enable Signal                                              |                                                    Set/Reset Signal                                                   | Slice Load Count | Bel Load Count | Bels / Slice |
+------------------+----------------------------------------------------------------------------------------------------------+-----------------------------------------------------------------------------------------------------------------------+------------------+----------------+--------------+
|  clock_IBUF_BUFG | _main_i0/Datapath_i/__internal_malloc_198_i0/Controller_i/Q[0]                                           | _main_i0/Datapath_i/reg_out1[0]_i_1__40_n_0                                                                           |                1 |              4 |         4.00 |
|  clock_IBUF_BUFG |                                                                                                          | _main_i0/Datapath_i/__float_adde11m52b_1023nih_197_i0/Datapath_i/fu___float_adde11m52b_1023nih_34790_35219/out1_carry |                1 |              6 |         6.00 |
|  clock_IBUF_BUFG | _main_i0/Datapath_i/__internal_malloc_198_i0/Controller_i/Q[0]                                           |                                                                                                                       |                6 |              6 |         1.00 |
|  clock_IBUF_BUFG |                                                                                                          | _main_i0/Controller_i/_present_state_reg[22]_0                                                                        |                6 |             10 |         1.67 |
|  clock_IBUF_BUFG | _main_i0/Controller_i/_present_state_reg[17]_0[7]                                                        |                                                                                                                       |                5 |             17 |         3.40 |
|  clock_IBUF_BUFG | _main_i0/Controller_i/_present_state_reg[17]_0[6]                                                        |                                                                                                                       |                8 |             20 |         2.50 |
|  clock_IBUF_BUFG | _main_i0/Datapath_i/__float_adde11m52b_1023nih_197_i0/Controller_i/wrenable_reg_9                        |                                                                                                                       |                7 |             20 |         2.86 |
|  clock_IBUF_BUFG | _main_i0/Datapath_i/__internal_malloc_198_i0/Controller_i/wrenable_reg_15                                | _main_i0/Datapath_i/__internal_malloc_198_i0/Controller_i/FSM_onehot__present_state_reg[1]_1                          |                5 |             20 |         4.00 |
|  clock_IBUF_BUFG | _main_i0/Datapath_i/__internal_malloc_198_i0/Datapath_i/reg_34/E[0]                                      |                                                                                                                       |               16 |             21 |         1.31 |
|  clock_IBUF_BUFG | _main_i0/Datapath_i/__internal_free_instance/__internal_free_i/Controller_i/_present_state_reg[11]_1[0]  |                                                                                                                       |                4 |             21 |         5.25 |
|  clock_IBUF_BUFG | _main_i0/Datapath_i/__internal_free_instance/__internal_free_i/Controller_i/wrenable_reg_8               |                                                                                                                       |                4 |             21 |         5.25 |
|  clock_IBUF_BUFG | _main_i0/Datapath_i/__internal_malloc_198_i0/Controller_i/Q[11]                                          |                                                                                                                       |               10 |             21 |         2.10 |
|  clock_IBUF_BUFG | _main_i0/Datapath_i/__internal_malloc_198_i0/Controller_i/Q[5]                                           |                                                                                                                       |                8 |             21 |         2.62 |
|  clock_IBUF_BUFG | _main_i0/Datapath_i/__internal_malloc_198_i0/Controller_i/wrenable_reg_15                                |                                                                                                                       |               10 |             22 |         2.20 |
|  clock_IBUF_BUFG | _main_i0/Datapath_i/__internal_malloc_198_i0/Controller_i/wrenable_reg_15                                | _main_i0/Datapath_i/__internal_malloc_198_i0/Controller_i/FSM_onehot__present_state_reg[1]_0                          |                8 |             22 |         2.75 |
|  clock_IBUF_BUFG | _main_i0/Controller_i/selector_MUX_194_reg_20_0_0_0                                                      |                                                                                                                       |                8 |             23 |         2.88 |
|  clock_IBUF_BUFG | _main_i0/Controller_i/_present_state_reg[27]_2[0]                                                        |                                                                                                                       |                6 |             26 |         4.33 |
|  clock_IBUF_BUFG | _main_i0/Controller_i/_present_state_reg[27]_0[0]                                                        |                                                                                                                       |                7 |             29 |         4.14 |
|  clock_IBUF_BUFG | _main_i0/Datapath_i/array_992_0/FSM_onehot__present_state_reg[20][0]                                     |                                                                                                                       |                7 |             32 |         4.57 |
|  clock_IBUF_BUFG | _main_i0/Controller_i/_present_state_reg[17]_0[0]                                                        | _main_i0/Datapath_i/__internal_malloc_198_i0/Controller_i/reg_out1_reg                                                |                6 |             32 |         5.33 |
|  clock_IBUF_BUFG | _main_i0/Controller_i/_present_state_reg[17]_0[1]                                                        | _main_i0/Datapath_i/__internal_malloc_198_i0/Controller_i/reg_out1_reg_0                                              |               11 |             32 |         2.91 |
|  clock_IBUF_BUFG | _main_i0/Controller_i/_present_state_reg[17]_0[2]                                                        | _main_i0/Datapath_i/__internal_malloc_198_i0/Controller_i/reg_out1_reg_1                                              |               11 |             32 |         2.91 |
|  clock_IBUF_BUFG | _main_i0/Controller_i/_present_state_reg[17]_0[4]                                                        |                                                                                                                       |               11 |             32 |         2.91 |
|  clock_IBUF_BUFG | _main_i0/Datapath_i/array_992_0/FSM_onehot__present_state_reg[20][1]                                     |                                                                                                                       |                6 |             32 |         5.33 |
|  clock_IBUF_BUFG | _main_i0/Datapath_i/__internal_malloc_198_i0/Controller_i/FSM_onehot__present_state_reg[18]_1[0]         |                                                                                                                       |                6 |             32 |         5.33 |
|  clock_IBUF_BUFG | _main_i0/Controller_i/_present_state_reg[30]_0[0]                                                        |                                                                                                                       |                8 |             32 |         4.00 |
|  clock_IBUF_BUFG | _main_i0/Datapath_i/__internal_free_instance/__internal_free_i/Controller_i/_present_state_reg[10]_0[0]  |                                                                                                                       |                7 |             32 |         4.57 |
|  clock_IBUF_BUFG | _main_i0/Datapath_i/__internal_free_instance/__internal_free_i/Controller_i/_present_state_reg[10]_1[0]  |                                                                                                                       |               13 |             32 |         2.46 |
|  clock_IBUF_BUFG | _main_i0/Datapath_i/__internal_free_instance/__internal_free_i/Controller_i/_present_state_reg[11]_1[1]  |                                                                                                                       |               16 |             32 |         2.00 |
|  clock_IBUF_BUFG | _main_i0/Datapath_i/__internal_free_instance/__internal_free_i/Controller_i/_present_state_reg[14]_2[0]  |                                                                                                                       |                9 |             32 |         3.56 |
|  clock_IBUF_BUFG | _main_i0/Datapath_i/__internal_free_instance/__internal_free_i/Controller_i/_present_state_reg[8]_0[0]   |                                                                                                                       |               13 |             32 |         2.46 |
|  clock_IBUF_BUFG | _main_i0/Datapath_i/__internal_free_instance/__internal_free_i/Controller_i/E[0]                         |                                                                                                                       |                7 |             32 |         4.57 |
|  clock_IBUF_BUFG | _main_i0/Datapath_i/__internal_malloc_198_i0/Controller_i/FSM_onehot__present_state_reg[35]_2[0]         |                                                                                                                       |                7 |             32 |         4.57 |
|  clock_IBUF_BUFG | _main_i0/Datapath_i/__internal_malloc_198_i0/Controller_i/FSM_onehot__present_state_reg[18]_0[0]         |                                                                                                                       |               13 |             32 |         2.46 |
|  clock_IBUF_BUFG | _main_i0/Datapath_i/__internal_malloc_198_i0/Controller_i/Q[7]                                           |                                                                                                                       |                7 |             32 |         4.57 |
|  clock_IBUF_BUFG | _main_i0/Datapath_i/__internal_malloc_198_i0/Controller_i/E[0]                                           |                                                                                                                       |               16 |             32 |         2.00 |
|  clock_IBUF_BUFG | _main_i0/Datapath_i/__internal_malloc_198_i0/Controller_i/Q[13]                                          |                                                                                                                       |                7 |             32 |         4.57 |
|  clock_IBUF_BUFG | _main_i0/Datapath_i/__internal_malloc_198_i0/Controller_i/Q[20]                                          |                                                                                                                       |                5 |             32 |         6.40 |
|  clock_IBUF_BUFG | _main_i0/Datapath_i/__internal_malloc_198_i0/Controller_i/reg_out1_reg[4][0]                             |                                                                                                                       |               13 |             32 |         2.46 |
|  clock_IBUF_BUFG | _main_i0/Datapath_i/__internal_malloc_198_i0/Controller_i/reg_out1_reg[4][1]                             |                                                                                                                       |               13 |             32 |         2.46 |
|  clock_IBUF_BUFG | _main_i0/Datapath_i/__internal_malloc_198_i0/Controller_i/sig_in_vector_bus_mergerproxy_sel_STORE21_0[0] |                                                                                                                       |                7 |             32 |         4.57 |
|  clock_IBUF_BUFG | _main_i0/Datapath_i/__internal_malloc_198_i0/Controller_i/FSM_onehot__present_state_reg[36]_0            |                                                                                                                       |               15 |             32 |         2.13 |
|  clock_IBUF_BUFG | _main_i0/Controller_i/_present_state_reg[4]_0[0]                                                         |                                                                                                                       |                9 |             32 |         3.56 |
|  clock_IBUF_BUFG | _main_i0/Controller_i/reg_out1_reg[0]_0[0]                                                               |                                                                                                                       |               11 |             32 |         2.91 |
|  clock_IBUF_BUFG | _main_i0/Controller_i/E[0]                                                                               |                                                                                                                       |               10 |             32 |         3.20 |
|  clock_IBUF_BUFG | _main_i0/Datapath_i/__internal_free_instance/__internal_free_i/Controller_i/_present_state_reg[11]_1[3]  |                                                                                                                       |               14 |             41 |         2.93 |
|  clock_IBUF_BUFG | _main_i0/Controller_i/_present_state_reg[30]_3[0]                                                        |                                                                                                                       |               13 |             42 |         3.23 |
|  clock_IBUF_BUFG | _main_i0/Controller_i/_present_state_reg[30]_1[0]                                                        |                                                                                                                       |                9 |             53 |         5.89 |
|  clock_IBUF_BUFG | _main_i0/Controller_i/_present_state_reg[6]_1[0]                                                         |                                                                                                                       |               13 |             62 |         4.77 |
|  clock_IBUF_BUFG | _main_i0/Controller_i/_present_state_reg[17]_0[8]                                                        |                                                                                                                       |               14 |             64 |         4.57 |
|  clock_IBUF_BUFG | _main_i0/Controller_i/_present_state_reg[3]_0[0]                                                         |                                                                                                                       |               12 |             64 |         5.33 |
|  clock_IBUF_BUFG | _main_i0/Controller_i/_present_state_reg[17]_0[3]                                                        |                                                                                                                       |               23 |             64 |         2.78 |
|  clock_IBUF_BUFG | _main_i0/Controller_i/_present_state_reg[14]_0[0]                                                        |                                                                                                                       |               23 |             64 |         2.78 |
|  clock_IBUF_BUFG | _main_i0/Controller_i/_present_state_reg[27]_3[0]                                                        |                                                                                                                       |               20 |             65 |         3.25 |
|  clock_IBUF_BUFG |                                                                                                          | reset_IBUF_inst/O                                                                                                     |               43 |            106 |         2.47 |
|  clock_IBUF_BUFG |                                                                                                          |                                                                                                                       |              278 |           1088 |         3.91 |
+------------------+----------------------------------------------------------------------------------------------------------+-----------------------------------------------------------------------------------------------------------------------+------------------+----------------+--------------+


